<?xml version="1.0" encoding="UTF-8"?>
<!-- Generated by org.testng.reporters.JUnitXMLReporter -->
<testsuite ignored="6" hostname="MP27644D" failures="0" tests="3" name="/home/mohag/Documents/Assignments/OrangeHRM" time="49.094" errors="0" timestamp="2024-01-23T16:55:47 IST">
  <testcase classname="com.orange.qa.test.LoginPageTest" name="verifyLoginPage" time="0.791"/>
  <testcase classname="com.orange.qa.test.LoginPageTest" name="applicationLogin" time="1.478"/>
  <testcase classname="com.orange.qa.test.LoginPageTest" name="verifyHomePage" time="0.395"/>
  <testcase classname="com.orange.qa.base.TestBase" name="@BeforeTest setUpReports" time="0.0">
    <ignored/>
  </testcase> <!-- @BeforeTest setUpReports -->
  <testcase classname="com.orange.qa.base.TestBase" name="@BeforeSuite launchBrowser" time="0.0">
    <ignored/>
  </testcase> <!-- @BeforeSuite launchBrowser -->
  <testcase classname="com.orange.qa.base.TestBase" name="@BeforeTest setUpReports" time="0.0">
    <ignored/>
  </testcase> <!-- @BeforeTest setUpReports -->
  <testcase classname="com.orange.qa.base.TestBase" name="@AfterSuite tearDown" time="0.0">
    <ignored/>
  </testcase> <!-- @AfterSuite tearDown -->
  <testcase classname="com.orange.qa.base.TestBase" name="@BeforeSuite launchBrowser" time="0.0">
    <ignored/>
  </testcase> <!-- @BeforeSuite launchBrowser -->
  <testcase classname="com.orange.qa.base.TestBase" name="@AfterSuite tearDown" time="0.0">
    <ignored/>
  </testcase> <!-- @AfterSuite tearDown -->
</testsuite> <!-- /home/mohag/Documents/Assignments/OrangeHRM -->
