<?xml version="1.0" encoding="UTF-8"?>
<testng-results ignored="0" total="5" passed="5" failed="0" skipped="0">
  <reporter-output>
  </reporter-output>
  <suite started-at="2024-01-07T12:46:23 IST" name="Default Suite" finished-at="2024-01-07T12:46:24 IST" duration-ms="846">
    <groups>
    </groups>
    <test started-at="2024-01-07T12:46:23 IST" name="AdvanceTopicsInSelenium" finished-at="2024-01-07T12:46:24 IST" duration-ms="846">
      <class name="DD">
        <test-method signature="dataDriven(java.lang.String,java.lang.String,java.lang.String)[pri:0, instance:DD@6ae5aa72]" started-at="2024-01-07T12:46:24 IST" name="dataDriven" data-provider="testData" finished-at="2024-01-07T12:46:24 IST" duration-ms="5" status="PASS">
          <params>
            <param index="0">
              <value>
                <![CDATA[priya]]>
              </value>
            </param>
            <param index="1">
              <value>
                <![CDATA[455]]>
              </value>
            </param>
            <param index="2">
              <value>
                <![CDATA[]]>
              </value>
            </param>
          </params>
          <reporter-output>
          </reporter-output>
        </test-method> <!-- dataDriven -->
        <test-method signature="dataDriven(java.lang.String,java.lang.String,java.lang.String)[pri:0, instance:DD@6ae5aa72]" started-at="2024-01-07T12:46:24 IST" name="dataDriven" data-provider="testData" finished-at="2024-01-07T12:46:24 IST" duration-ms="0" status="PASS">
          <params>
            <param index="0">
              <value>
                <![CDATA[rohit]]>
              </value>
            </param>
            <param index="1">
              <value>
                <![CDATA[resd]]>
              </value>
            </param>
            <param index="2">
              <value>
                <![CDATA[]]>
              </value>
            </param>
          </params>
          <reporter-output>
          </reporter-output>
        </test-method> <!-- dataDriven -->
        <test-method signature="dataDriven(java.lang.String,java.lang.String,java.lang.String)[pri:0, instance:DD@6ae5aa72]" started-at="2024-01-07T12:46:24 IST" name="dataDriven" data-provider="testData" finished-at="2024-01-07T12:46:24 IST" duration-ms="0" status="PASS">
          <params>
            <param index="0">
              <value>
                <![CDATA[veni]]>
              </value>
            </param>
            <param index="1">
              <value>
                <![CDATA[123]]>
              </value>
            </param>
            <param index="2">
              <value>
                <![CDATA[]]>
              </value>
            </param>
          </params>
          <reporter-output>
          </reporter-output>
        </test-method> <!-- dataDriven -->
        <test-method signature="dataDriven(java.lang.String,java.lang.String,java.lang.String)[pri:0, instance:DD@6ae5aa72]" started-at="2024-01-07T12:46:24 IST" name="dataDriven" data-provider="testData" finished-at="2024-01-07T12:46:24 IST" duration-ms="0" status="PASS">
          <params>
            <param index="0">
              <value>
                <![CDATA[sri]]>
              </value>
            </param>
            <param index="1">
              <value>
                <![CDATA[tyui]]>
              </value>
            </param>
            <param index="2">
              <value>
                <![CDATA[]]>
              </value>
            </param>
          </params>
          <reporter-output>
          </reporter-output>
        </test-method> <!-- dataDriven -->
        <test-method signature="dataDriven(java.lang.String,java.lang.String,java.lang.String)[pri:0, instance:DD@6ae5aa72]" started-at="2024-01-07T12:46:24 IST" name="dataDriven" data-provider="testData" finished-at="2024-01-07T12:46:24 IST" duration-ms="1" status="PASS">
          <params>
            <param index="0">
              <value>
                <![CDATA[]]>
              </value>
            </param>
            <param index="1">
              <value>
                <![CDATA[]]>
              </value>
            </param>
            <param index="2">
              <value>
                <![CDATA[]]>
              </value>
            </param>
          </params>
          <reporter-output>
          </reporter-output>
        </test-method> <!-- dataDriven -->
      </class> <!-- DD -->
    </test> <!-- AdvanceTopicsInSelenium -->
  </suite> <!-- Default Suite -->
</testng-results>
