<?xml version="1.0" encoding="UTF-8"?>
<!-- Generated by org.testng.reporters.JUnitXMLReporter -->
<testsuite ignored="0" hostname="MP27644D" failures="0" tests="5" name="AdvanceTopicsInSelenium" time="0.846" errors="0" timestamp="2024-01-07T12:46:24 IST">
  <testcase classname="DD" name="dataDriven" time="0.005"/>
  <testcase classname="DD" name="dataDriven" time="0.0"/>
  <testcase classname="DD" name="dataDriven" time="0.0"/>
  <testcase classname="DD" name="dataDriven" time="0.0"/>
  <testcase classname="DD" name="dataDriven" time="0.001"/>
</testsuite> <!-- AdvanceTopicsInSelenium -->
